[debug] [2020-06-09T00:57:32.266Z] ----------------------------------------------------------------------
[debug] [2020-06-09T00:57:32.268Z] Command:       C:\Program Files\nodejs\node.exe C:\Users\lgdan\AppData\Roaming\npm\node_modules\firebase-tools\lib\bin\firebase.js deploy
[debug] [2020-06-09T00:57:32.269Z] CLI Version:   8.4.0
[debug] [2020-06-09T00:57:32.269Z] Platform:      win32
[debug] [2020-06-09T00:57:32.269Z] Node Version:  v11.11.0
[debug] [2020-06-09T00:57:32.270Z] Time:          Mon Jun 08 2020 19:57:32 GMT-0500 (Central Daylight Time)
[debug] [2020-06-09T00:57:32.270Z] ----------------------------------------------------------------------
[debug] [2020-06-09T00:57:32.270Z] 
[debug] [2020-06-09T00:57:32.288Z] > command requires scopes: ["email","openid","https://www.googleapis.com/auth/cloudplatformprojects.readonly","https://www.googleapis.com/auth/firebase","https://www.googleapis.com/auth/cloud-platform"]
[debug] [2020-06-09T00:57:32.288Z] > authorizing via signed-in user
[debug] [2020-06-09T00:57:32.288Z] [iam] checking project lorenzo-codes for permissions ["cloudfunctions.functions.create","cloudfunctions.functions.delete","cloudfunctions.functions.get","cloudfunctions.functions.list","cloudfunctions.functions.update","cloudfunctions.operations.get","firebase.projects.get","firebasehosting.sites.update"]
[debug] [2020-06-09T00:57:32.290Z] > refreshing access token with scopes: ["email","https://www.googleapis.com/auth/cloud-platform","https://www.googleapis.com/auth/cloudplatformprojects.readonly","https://www.googleapis.com/auth/firebase","openid"]
[debug] [2020-06-09T00:57:32.290Z] >>> HTTP REQUEST POST https://www.googleapis.com/oauth2/v3/token  
 <request body omitted>
[debug] [2020-06-09T00:57:32.456Z] <<< HTTP RESPONSE 200 {"content-type":"application/json; charset=utf-8","vary":"X-Origin, Referer, Origin,Accept-Encoding","date":"Tue, 09 Jun 2020 00:57:33 GMT","server":"scaffolding on HTTPServer2","cache-control":"private","x-xss-protection":"0","x-frame-options":"SAMEORIGIN","x-content-type-options":"nosniff","alt-svc":"h3-27=\":443\"; ma=2592000,h3-25=\":443\"; ma=2592000,h3-T050=\":443\"; ma=2592000,h3-Q050=\":443\"; ma=2592000,h3-Q049=\":443\"; ma=2592000,h3-Q048=\":443\"; ma=2592000,h3-Q046=\":443\"; ma=2592000,h3-Q043=\":443\"; ma=2592000,quic=\":443\"; ma=2592000; v=\"46,43\"","accept-ranges":"none","transfer-encoding":"chunked"}
[debug] [2020-06-09T00:57:32.459Z] >>> HTTP REQUEST POST https://cloudresourcemanager.googleapis.com/v1/projects/lorenzo-codes:testIamPermissions  
 {"permissions":["cloudfunctions.functions.create","cloudfunctions.functions.delete","cloudfunctions.functions.get","cloudfunctions.functions.list","cloudfunctions.functions.update","cloudfunctions.operations.get","firebase.projects.get","firebasehosting.sites.update"]}
[debug] [2020-06-09T00:57:32.622Z] <<< HTTP RESPONSE 200 {"content-type":"application/json; charset=UTF-8","vary":"X-Origin, Referer, Origin,Accept-Encoding","date":"Tue, 09 Jun 2020 00:57:33 GMT","server":"ESF","cache-control":"private","x-xss-protection":"0","x-frame-options":"SAMEORIGIN","x-content-type-options":"nosniff","server-timing":"gfet4t7; dur=56","alt-svc":"h3-27=\":443\"; ma=2592000,h3-25=\":443\"; ma=2592000,h3-T050=\":443\"; ma=2592000,h3-Q050=\":443\"; ma=2592000,h3-Q049=\":443\"; ma=2592000,h3-Q048=\":443\"; ma=2592000,h3-Q046=\":443\"; ma=2592000,h3-Q043=\":443\"; ma=2592000,quic=\":443\"; ma=2592000; v=\"46,43\"","accept-ranges":"none","transfer-encoding":"chunked"}
[debug] [2020-06-09T00:57:32.623Z] >>> HTTP REQUEST POST https://iam.googleapis.com/v1/projects/lorenzo-codes/serviceAccounts/lorenzo-codes@appspot.gserviceaccount.com:testIamPermissions  
 {"permissions":["iam.serviceAccounts.actAs"]}
[debug] [2020-06-09T00:57:32.785Z] <<< HTTP RESPONSE 200 {"content-type":"application/json; charset=UTF-8","vary":"X-Origin, Referer, Origin,Accept-Encoding","date":"Tue, 09 Jun 2020 00:57:33 GMT","server":"ESF","cache-control":"private","x-xss-protection":"0","x-frame-options":"SAMEORIGIN","x-content-type-options":"nosniff","alt-svc":"h3-27=\":443\"; ma=2592000,h3-25=\":443\"; ma=2592000,h3-T050=\":443\"; ma=2592000,h3-Q050=\":443\"; ma=2592000,h3-Q049=\":443\"; ma=2592000,h3-Q048=\":443\"; ma=2592000,h3-Q046=\":443\"; ma=2592000,h3-Q043=\":443\"; ma=2592000,quic=\":443\"; ma=2592000; v=\"46,43\"","accept-ranges":"none","transfer-encoding":"chunked"}
[debug] [2020-06-09T00:57:32.786Z] >>> HTTP REQUEST GET https://firebase.googleapis.com/v1beta1/projects/lorenzo-codes  
 
[debug] [2020-06-09T00:57:32.978Z] <<< HTTP RESPONSE 200 {"content-type":"application/json; charset=UTF-8","vary":"X-Origin, Referer, Origin,Accept-Encoding","date":"Tue, 09 Jun 2020 00:57:33 GMT","server":"ESF","cache-control":"private","x-xss-protection":"0","x-frame-options":"SAMEORIGIN","x-content-type-options":"nosniff","alt-svc":"h3-27=\":443\"; ma=2592000,h3-25=\":443\"; ma=2592000,h3-T050=\":443\"; ma=2592000,h3-Q050=\":443\"; ma=2592000,h3-Q049=\":443\"; ma=2592000,h3-Q048=\":443\"; ma=2592000,h3-Q046=\":443\"; ma=2592000,h3-Q043=\":443\"; ma=2592000,quic=\":443\"; ma=2592000; v=\"46,43\"","accept-ranges":"none","transfer-encoding":"chunked"}
[debug] [2020-06-09T00:57:33.075Z] TypeError [ERR_INVALID_ARG_TYPE]: The "path" argument must be of type string. Received type undefined
    at validateString (internal/validators.js:125:11)
    at Object.join (path.js:372:7)
    at Object.checkFunctionsSDKVersion [as fn] (C:\Users\lgdan\AppData\Roaming\npm\node_modules\firebase-tools\lib\checkFirebaseSDKVersion.js:33:28)
    at Command.<anonymous> (C:\Users\lgdan\AppData\Roaming\npm\node_modules\firebase-tools\lib\command.js:159:30)
    at Generator.next (<anonymous>)
    at fulfilled (C:\Users\lgdan\AppData\Roaming\npm\node_modules\firebase-tools\lib\command.js:5:58)
    at processTicksAndRejections (internal/process/next_tick.js:81:5)
[error] 
[error] Error: An unexpected error has occurred.
